  [4;36;1mSQL (61.9ms)[0m   [0;1mSET NAMES 'utf8'[0m
  [4;35;1mSQL (0.4ms)[0m   [0mSET SQL_AUTO_IS_NULL=0[0m
  [4;36;1mSQL (66.2ms)[0m   [0;1mSHOW TABLES[0m
  [4;35;1mSQL (18.0ms)[0m   [0mSELECT version FROM schema_migrations[0m
Migrating to CreateMovies (20100701115358)
  [4;36;1mSQL (0.0ms)[0m   [0;1mMysql::Error: Table 'movies' already exists: CREATE TABLE `movies` (`id` int(11) DEFAULT NULL auto_increment PRIMARY KEY, `title` varchar(255), `year` int(11), `description` text, `picture` varchar(255), `created_at` datetime, `updated_at` datetime) ENGINE=InnoDB[0m
  [4;36;1mSQL (0.2ms)[0m   [0;1mSET NAMES 'utf8'[0m
  [4;35;1mSQL (0.1ms)[0m   [0mSET SQL_AUTO_IS_NULL=0[0m
  [4;36;1mSQL (0.3ms)[0m   [0;1mSHOW TABLES[0m
  [4;35;1mSQL (83.7ms)[0m   [0mCREATE TABLE `schema_migrations` (`version` varchar(255) NOT NULL) ENGINE=InnoDB[0m
  [4;36;1mSQL (0.0ms)[0m   [0;1mMysql::Error: INDEX command denied to user 'MediaSite'@'localhost' for table 'schema_migrations': CREATE UNIQUE INDEX `unique_schema_migrations` ON `schema_migrations` (`version`)[0m
  [4;36;1mSQL (0.1ms)[0m   [0;1mSET NAMES 'utf8'[0m
  [4;35;1mSQL (0.1ms)[0m   [0mSET SQL_AUTO_IS_NULL=0[0m
  [4;36;1mSQL (0.4ms)[0m   [0;1mSHOW TABLES[0m
  [4;35;1mSQL (0.3ms)[0m   [0mSHOW TABLES[0m
  [4;36;1mSQL (0.3ms)[0m   [0;1mSELECT version FROM schema_migrations[0m
  [4;35;1mSQL (0.3ms)[0m   [0mSHOW TABLES[0m
  [4;36;1mSQL (0.2ms)[0m   [0;1mSET NAMES 'utf8'[0m
  [4;35;1mSQL (0.1ms)[0m   [0mSET SQL_AUTO_IS_NULL=0[0m
  [4;36;1mSQL (0.5ms)[0m   [0;1mSHOW TABLES[0m
  [4;35;1mSQL (0.2ms)[0m   [0mSELECT version FROM schema_migrations[0m
Migrating to CreateShows (20100701115649)
  [4;36;1mSQL (3.2ms)[0m   [0;1mCREATE TABLE `shows` (`id` int(11) DEFAULT NULL auto_increment PRIMARY KEY, `title` varchar(255), `description` text, `picture` varchar(255), `created_at` datetime, `updated_at` datetime) ENGINE=InnoDB[0m
  [4;35;1mSQL (0.5ms)[0m   [0mINSERT INTO schema_migrations (version) VALUES ('20100701115649')[0m
Migrating to CreateMovies (20100701115658)
  [4;36;1mSQL (83.4ms)[0m   [0;1mCREATE TABLE `movies` (`id` int(11) DEFAULT NULL auto_increment PRIMARY KEY, `title` varchar(255), `year` int(11), `description` text, `picture` varchar(255), `created_at` datetime, `updated_at` datetime) ENGINE=InnoDB[0m
  [4;35;1mSQL (0.4ms)[0m   [0mINSERT INTO schema_migrations (version) VALUES ('20100701115658')[0m
  [4;36;1mSQL (0.6ms)[0m   [0;1mSHOW TABLES[0m
  [4;35;1mSQL (0.3ms)[0m   [0mSELECT version FROM schema_migrations[0m
  [4;36;1mSQL (0.3ms)[0m   [0;1mSHOW TABLES[0m
  [4;35;1mSQL (1.8ms)[0m   [0mSHOW FIELDS FROM `movies`[0m
  [4;36;1mSQL (1.3ms)[0m   [0;1mdescribe `movies`[0m
  [4;35;1mSQL (0.3ms)[0m   [0mSHOW KEYS FROM `movies`[0m
  [4;36;1mSQL (1.3ms)[0m   [0;1mSHOW FIELDS FROM `shows`[0m
  [4;35;1mSQL (1.1ms)[0m   [0mdescribe `shows`[0m
  [4;36;1mSQL (0.3ms)[0m   [0;1mSHOW KEYS FROM `shows`[0m
